[06-Sep-2025 03:45:13 UTC] TypeError: App\Service\SegmentBuildOrchestrator::__construct(): Argument #3 ($redis) must be of type Redis, Predis\Client given, called in /Volumes/Yorch/Dev/mail/config/app.php on line 95 and defined in /Volumes/Yorch/Dev/mail/app/Service/SegmentBuildOrchestrator.php:19
Stack trace:
#0 /Volumes/Yorch/Dev/mail/config/app.php(95): App\Service\SegmentBuildOrchestrator->__construct(Object(MonkeysLegion\Repository\RepositoryFactory), Object(MonkeysLegion\Query\QueryBuilder), Object(Predis\Client), 'seg:builds', 'seg_builders')
#1 /Volumes/Yorch/Dev/mail/vendor/monkeyscloud/monkeyslegion-di/src/Container.php(94): MonkeysLegion\Framework\HttpBootstrap::{closure:/Volumes/Yorch/Dev/mail/config/app.php:95}(Object(MonkeysLegion\DI\Container))
#2 /Volumes/Yorch/Dev/mail/vendor/monkeyscloud/monkeyslegion-di/src/Container.php(73): MonkeysLegion\DI\Container->resolveDefinition('App\\Service\\Seg...', Object(Closure))
#3 /Volumes/Yorch/Dev/mail/vendor/monkeyscloud/monkeyslegion-di/src/Container.php(177): MonkeysLegion\DI\Container->get('App\\Service\\Seg...')
#4 /Volumes/Yorch/Dev/mail/vendor/monkeyscloud/monkeyslegion-di/src/Container.php(138): MonkeysLegion\DI\Container->resolveNamed(Object(ReflectionNamedType), 'App\\Controller\\...', Object(ReflectionParameter))
#5 /Volumes/Yorch/Dev/mail/vendor/monkeyscloud/monkeyslegion-di/src/Container.php(122): MonkeysLegion\DI\Container->resolveParameter('App\\Controller\\...', Object(ReflectionParameter))
#6 /Volumes/Yorch/Dev/mail/vendor/monkeyscloud/monkeyslegion-di/src/Container.php(77): MonkeysLegion\DI\Container->autoWire('App\\Controller\\...')
#7 /Volumes/Yorch/Dev/mail/vendor/monkeyscloud/monkeyslegion-core/src/Routing/RouteLoader.php(55): MonkeysLegion\DI\Container->get('App\\Controller\\...')
#8 /Volumes/Yorch/Dev/mail/vendor/monkeyscloud/monkeyslegion/src/Framework/HttpBootstrap.php(110): MonkeysLegion\Core\Routing\RouteLoader->loadControllers()
#9 /Volumes/Yorch/Dev/mail/public/index.php(9): MonkeysLegion\Framework\HttpBootstrap::run('/Volumes/Yorch/...')
#10 /Volumes/Yorch/Dev/mail/vendor/monkeyscloud/monkeyslegion-dev-server/bin/dev-router.php(23): require('/Volumes/Yorch/...')
#11 {main}
[06-Sep-2025 03:45:15 UTC] TypeError: App\Service\SegmentBuildOrchestrator::__construct(): Argument #3 ($redis) must be of type Redis, Predis\Client given, called in /Volumes/Yorch/Dev/mail/config/app.php on line 95 and defined in /Volumes/Yorch/Dev/mail/app/Service/SegmentBuildOrchestrator.php:19
Stack trace:
#0 /Volumes/Yorch/Dev/mail/config/app.php(95): App\Service\SegmentBuildOrchestrator->__construct(Object(MonkeysLegion\Repository\RepositoryFactory), Object(MonkeysLegion\Query\QueryBuilder), Object(Predis\Client), 'seg:builds', 'seg_builders')
#1 /Volumes/Yorch/Dev/mail/vendor/monkeyscloud/monkeyslegion-di/src/Container.php(94): MonkeysLegion\Framework\HttpBootstrap::{closure:/Volumes/Yorch/Dev/mail/config/app.php:95}(Object(MonkeysLegion\DI\Container))
#2 /Volumes/Yorch/Dev/mail/vendor/monkeyscloud/monkeyslegion-di/src/Container.php(73): MonkeysLegion\DI\Container->resolveDefinition('App\\Service\\Seg...', Object(Closure))
#3 /Volumes/Yorch/Dev/mail/vendor/monkeyscloud/monkeyslegion-di/src/Container.php(177): MonkeysLegion\DI\Container->get('App\\Service\\Seg...')
#4 /Volumes/Yorch/Dev/mail/vendor/monkeyscloud/monkeyslegion-di/src/Container.php(138): MonkeysLegion\DI\Container->resolveNamed(Object(ReflectionNamedType), 'App\\Controller\\...', Object(ReflectionParameter))
#5 /Volumes/Yorch/Dev/mail/vendor/monkeyscloud/monkeyslegion-di/src/Container.php(122): MonkeysLegion\DI\Container->resolveParameter('App\\Controller\\...', Object(ReflectionParameter))
#6 /Volumes/Yorch/Dev/mail/vendor/monkeyscloud/monkeyslegion-di/src/Container.php(77): MonkeysLegion\DI\Container->autoWire('App\\Controller\\...')
#7 /Volumes/Yorch/Dev/mail/vendor/monkeyscloud/monkeyslegion-core/src/Routing/RouteLoader.php(55): MonkeysLegion\DI\Container->get('App\\Controller\\...')
#8 /Volumes/Yorch/Dev/mail/vendor/monkeyscloud/monkeyslegion/src/Framework/HttpBootstrap.php(110): MonkeysLegion\Core\Routing\RouteLoader->loadControllers()
#9 /Volumes/Yorch/Dev/mail/public/index.php(9): MonkeysLegion\Framework\HttpBootstrap::run('/Volumes/Yorch/...')
#10 /Volumes/Yorch/Dev/mail/vendor/monkeyscloud/monkeyslegion-dev-server/bin/dev-router.php(23): require('/Volumes/Yorch/...')
#11 {main}
[06-Sep-2025 03:45:29 UTC] TypeError: App\Service\SegmentBuildOrchestrator::__construct(): Argument #3 ($redis) must be of type Redis, Predis\Client given, called in /Volumes/Yorch/Dev/mail/config/app.php on line 95 and defined in /Volumes/Yorch/Dev/mail/app/Service/SegmentBuildOrchestrator.php:19
Stack trace:
#0 /Volumes/Yorch/Dev/mail/config/app.php(95): App\Service\SegmentBuildOrchestrator->__construct(Object(MonkeysLegion\Repository\RepositoryFactory), Object(MonkeysLegion\Query\QueryBuilder), Object(Predis\Client), 'seg:builds', 'seg_builders')
#1 /Volumes/Yorch/Dev/mail/vendor/monkeyscloud/monkeyslegion-di/src/Container.php(94): MonkeysLegion\Framework\HttpBootstrap::{closure:/Volumes/Yorch/Dev/mail/config/app.php:95}(Object(MonkeysLegion\DI\Container))
#2 /Volumes/Yorch/Dev/mail/vendor/monkeyscloud/monkeyslegion-di/src/Container.php(73): MonkeysLegion\DI\Container->resolveDefinition('App\\Service\\Seg...', Object(Closure))
#3 /Volumes/Yorch/Dev/mail/vendor/monkeyscloud/monkeyslegion-di/src/Container.php(177): MonkeysLegion\DI\Container->get('App\\Service\\Seg...')
#4 /Volumes/Yorch/Dev/mail/vendor/monkeyscloud/monkeyslegion-di/src/Container.php(138): MonkeysLegion\DI\Container->resolveNamed(Object(ReflectionNamedType), 'App\\Controller\\...', Object(ReflectionParameter))
#5 /Volumes/Yorch/Dev/mail/vendor/monkeyscloud/monkeyslegion-di/src/Container.php(122): MonkeysLegion\DI\Container->resolveParameter('App\\Controller\\...', Object(ReflectionParameter))
#6 /Volumes/Yorch/Dev/mail/vendor/monkeyscloud/monkeyslegion-di/src/Container.php(77): MonkeysLegion\DI\Container->autoWire('App\\Controller\\...')
#7 /Volumes/Yorch/Dev/mail/vendor/monkeyscloud/monkeyslegion-core/src/Routing/RouteLoader.php(55): MonkeysLegion\DI\Container->get('App\\Controller\\...')
#8 /Volumes/Yorch/Dev/mail/vendor/monkeyscloud/monkeyslegion/src/Framework/HttpBootstrap.php(110): MonkeysLegion\Core\Routing\RouteLoader->loadControllers()
#9 /Volumes/Yorch/Dev/mail/public/index.php(9): MonkeysLegion\Framework\HttpBootstrap::run('/Volumes/Yorch/...')
#10 /Volumes/Yorch/Dev/mail/vendor/monkeyscloud/monkeyslegion-dev-server/bin/dev-router.php(23): require('/Volumes/Yorch/...')
#11 {main}
[06-Sep-2025 03:45:32 UTC] TypeError: App\Service\SegmentBuildOrchestrator::__construct(): Argument #3 ($redis) must be of type Redis, Predis\Client given, called in /Volumes/Yorch/Dev/mail/config/app.php on line 95 and defined in /Volumes/Yorch/Dev/mail/app/Service/SegmentBuildOrchestrator.php:19
Stack trace:
#0 /Volumes/Yorch/Dev/mail/config/app.php(95): App\Service\SegmentBuildOrchestrator->__construct(Object(MonkeysLegion\Repository\RepositoryFactory), Object(MonkeysLegion\Query\QueryBuilder), Object(Predis\Client), 'seg:builds', 'seg_builders')
#1 /Volumes/Yorch/Dev/mail/vendor/monkeyscloud/monkeyslegion-di/src/Container.php(94): MonkeysLegion\Framework\HttpBootstrap::{closure:/Volumes/Yorch/Dev/mail/config/app.php:95}(Object(MonkeysLegion\DI\Container))
#2 /Volumes/Yorch/Dev/mail/vendor/monkeyscloud/monkeyslegion-di/src/Container.php(73): MonkeysLegion\DI\Container->resolveDefinition('App\\Service\\Seg...', Object(Closure))
#3 /Volumes/Yorch/Dev/mail/vendor/monkeyscloud/monkeyslegion-di/src/Container.php(177): MonkeysLegion\DI\Container->get('App\\Service\\Seg...')
#4 /Volumes/Yorch/Dev/mail/vendor/monkeyscloud/monkeyslegion-di/src/Container.php(138): MonkeysLegion\DI\Container->resolveNamed(Object(ReflectionNamedType), 'App\\Controller\\...', Object(ReflectionParameter))
#5 /Volumes/Yorch/Dev/mail/vendor/monkeyscloud/monkeyslegion-di/src/Container.php(122): MonkeysLegion\DI\Container->resolveParameter('App\\Controller\\...', Object(ReflectionParameter))
#6 /Volumes/Yorch/Dev/mail/vendor/monkeyscloud/monkeyslegion-di/src/Container.php(77): MonkeysLegion\DI\Container->autoWire('App\\Controller\\...')
#7 /Volumes/Yorch/Dev/mail/vendor/monkeyscloud/monkeyslegion-core/src/Routing/RouteLoader.php(55): MonkeysLegion\DI\Container->get('App\\Controller\\...')
#8 /Volumes/Yorch/Dev/mail/vendor/monkeyscloud/monkeyslegion/src/Framework/HttpBootstrap.php(110): MonkeysLegion\Core\Routing\RouteLoader->loadControllers()
#9 /Volumes/Yorch/Dev/mail/public/index.php(9): MonkeysLegion\Framework\HttpBootstrap::run('/Volumes/Yorch/...')
#10 /Volumes/Yorch/Dev/mail/vendor/monkeyscloud/monkeyslegion-dev-server/bin/dev-router.php(23): require('/Volumes/Yorch/...')
#11 {main}
[06-Sep-2025 03:46:34 UTC] [2025-09-06T03:46:34+00:00] GET http://127.0.0.1:8000/ – 200 (10.04ms)
[06-Sep-2025 03:46:34 UTC] [2025-09-06T03:46:34+00:00] GET http://127.0.0.1:8000/assets/css/app.css – 404 (11.88ms)
[06-Sep-2025 03:46:34 UTC] [2025-09-06T03:46:34+00:00] GET http://127.0.0.1:8000/assets/js/app.js – 404 (0.51ms)
[06-Sep-2025 03:46:46 UTC] [2025-09-06T03:46:46+00:00] GET http://127.0.0.1:8000/ – 200 (1.02ms)
[06-Sep-2025 03:46:46 UTC] [2025-09-06T03:46:46+00:00] GET http://127.0.0.1:8000/assets/css/app.css – 404 (0.20ms)
[06-Sep-2025 03:46:46 UTC] [2025-09-06T03:46:46+00:00] GET http://127.0.0.1:8000/assets/js/app.js – 404 (0.15ms)
